<?xml version="1.0" encoding="UTF-8"?>
<robot generator="Robot 6.1.1 (Python 3.10.6 on linux)" generated="20231120 20:48:14.040" rpa="false" schemaversion="4">
<suite id="s1" name="Tests" source="/home/mazlippo/palautusrepositorio/viikko3/web-login/src/tests">
<suite id="s1-s1" name="Home" source="/home/mazlippo/palautusrepositorio/viikko3/web-login/src/tests/home.robot">
<kw name="Open And Configure Browser" library="resource" type="SETUP">
<kw name="Evaluate" library="BuiltIn">
<var>${options}</var>
<arg>sys.modules['selenium.webdriver'].ChromeOptions()</arg>
<arg>sys</arg>
<doc>Evaluates the given expression in Python and returns the result.</doc>
<msg timestamp="20231120 20:48:14.146" level="INFO">${options} = &lt;selenium.webdriver.chrome.options.Options object at 0x7f292fde3c10&gt;</msg>
<status status="PASS" starttime="20231120 20:48:14.146" endtime="20231120 20:48:14.146"/>
</kw>
<kw name="Call Method" library="BuiltIn">
<arg>${options}</arg>
<arg>add_argument</arg>
<arg>--no-sandbox</arg>
<doc>Calls the named method of the given object with the provided arguments.</doc>
<status status="PASS" starttime="20231120 20:48:14.146" endtime="20231120 20:48:14.146"/>
</kw>
<kw name="Call Method" library="BuiltIn">
<arg>${options}</arg>
<arg>add_argument</arg>
<arg>--headless</arg>
<doc>Calls the named method of the given object with the provided arguments.</doc>
<status status="PASS" starttime="20231120 20:48:14.146" endtime="20231120 20:48:14.147"/>
</kw>
<kw name="Open Browser" library="SeleniumLibrary">
<arg>browser=chrome</arg>
<arg>options=${options}</arg>
<doc>Opens a new browser instance to the optional ``url``.</doc>
<msg timestamp="20231120 20:48:14.147" level="INFO">Opening browser 'chrome' to base url 'None'.</msg>
<msg timestamp="20231120 20:48:14.173" level="WARN">The chromedriver version (108.0.5359.124) detected in PATH at /usr/bin/chromedriver might not be compatible with the detected chrome version (109.0.5414.74); currently, chromedriver 109.0.5414.74 is recommended for chrome 109.*, so it is advised to delete the driver in PATH and retry</msg>
<status status="PASS" starttime="20231120 20:48:14.147" endtime="20231120 20:48:14.815"/>
</kw>
<kw name="Set Selenium Speed" library="SeleniumLibrary">
<arg>${DELAY}</arg>
<doc>Sets the delay that is waited after each Selenium command.</doc>
<status status="PASS" starttime="20231120 20:48:14.815" endtime="20231120 20:48:14.816"/>
</kw>
<status status="PASS" starttime="20231120 20:48:14.146" endtime="20231120 20:48:14.816"/>
</kw>
<test id="s1-s1-t1" name="Click Login Link" line="8">
<kw name="Go To Starting Page" library="resource" type="SETUP">
<kw name="Go To" library="SeleniumLibrary">
<arg>${HOME_URL}</arg>
<doc>Navigates the current browser window to the provided ``url``.</doc>
<msg timestamp="20231120 20:48:14.817" level="INFO">Opening url 'http://localhost:5001'</msg>
<status status="PASS" starttime="20231120 20:48:14.816" endtime="20231120 20:48:14.851"/>
</kw>
<status status="PASS" starttime="20231120 20:48:14.816" endtime="20231120 20:48:14.851"/>
</kw>
<kw name="Click Link" library="SeleniumLibrary">
<arg>Login</arg>
<doc>Clicks a link identified by ``locator``.</doc>
<msg timestamp="20231120 20:48:14.851" level="INFO">Clicking link 'Login'.</msg>
<status status="PASS" starttime="20231120 20:48:14.851" endtime="20231120 20:48:14.885"/>
</kw>
<kw name="Login Page Should Be Open" library="resource">
<kw name="Title Should Be" library="SeleniumLibrary">
<arg>Login</arg>
<doc>Verifies that the current page title equals ``title``.</doc>
<msg timestamp="20231120 20:48:14.888" level="INFO">Page title is 'Login'.</msg>
<status status="PASS" starttime="20231120 20:48:14.886" endtime="20231120 20:48:14.888"/>
</kw>
<status status="PASS" starttime="20231120 20:48:14.886" endtime="20231120 20:48:14.888"/>
</kw>
<status status="PASS" starttime="20231120 20:48:14.816" endtime="20231120 20:48:14.888"/>
</test>
<test id="s1-s1-t2" name="Click Register Link" line="12">
<kw name="Go To Starting Page" library="resource" type="SETUP">
<kw name="Go To" library="SeleniumLibrary">
<arg>${HOME_URL}</arg>
<doc>Navigates the current browser window to the provided ``url``.</doc>
<msg timestamp="20231120 20:48:14.889" level="INFO">Opening url 'http://localhost:5001'</msg>
<status status="PASS" starttime="20231120 20:48:14.889" endtime="20231120 20:48:14.896"/>
</kw>
<status status="PASS" starttime="20231120 20:48:14.889" endtime="20231120 20:48:14.896"/>
</kw>
<kw name="Click Link" library="SeleniumLibrary">
<arg>Register new user</arg>
<doc>Clicks a link identified by ``locator``.</doc>
<msg timestamp="20231120 20:48:14.897" level="INFO">Clicking link 'Register new user'.</msg>
<status status="PASS" starttime="20231120 20:48:14.896" endtime="20231120 20:48:14.928"/>
</kw>
<kw name="Register Page Should Be Open" library="resource">
<kw name="Title Should Be" library="SeleniumLibrary">
<arg>Register</arg>
<doc>Verifies that the current page title equals ``title``.</doc>
<msg timestamp="20231120 20:48:14.930" level="INFO">Page title is 'Register'.</msg>
<status status="PASS" starttime="20231120 20:48:14.928" endtime="20231120 20:48:14.930"/>
</kw>
<status status="PASS" starttime="20231120 20:48:14.928" endtime="20231120 20:48:14.930"/>
</kw>
<status status="PASS" starttime="20231120 20:48:14.888" endtime="20231120 20:48:14.930"/>
</test>
<kw name="Close Browser" library="SeleniumLibrary" type="TEARDOWN">
<doc>Closes the current browser.</doc>
<status status="PASS" starttime="20231120 20:48:14.931" endtime="20231120 20:48:14.989"/>
</kw>
<status status="PASS" starttime="20231120 20:48:14.052" endtime="20231120 20:48:14.989"/>
</suite>
<suite id="s1-s2" name="Login" source="/home/mazlippo/palautusrepositorio/viikko3/web-login/src/tests/login.robot">
<kw name="Open And Configure Browser" library="resource" type="SETUP">
<kw name="Evaluate" library="BuiltIn">
<var>${options}</var>
<arg>sys.modules['selenium.webdriver'].ChromeOptions()</arg>
<arg>sys</arg>
<doc>Evaluates the given expression in Python and returns the result.</doc>
<msg timestamp="20231120 20:48:14.997" level="INFO">${options} = &lt;selenium.webdriver.chrome.options.Options object at 0x7f292fae5c00&gt;</msg>
<status status="PASS" starttime="20231120 20:48:14.997" endtime="20231120 20:48:14.997"/>
</kw>
<kw name="Call Method" library="BuiltIn">
<arg>${options}</arg>
<arg>add_argument</arg>
<arg>--no-sandbox</arg>
<doc>Calls the named method of the given object with the provided arguments.</doc>
<status status="PASS" starttime="20231120 20:48:14.997" endtime="20231120 20:48:14.998"/>
</kw>
<kw name="Call Method" library="BuiltIn">
<arg>${options}</arg>
<arg>add_argument</arg>
<arg>--headless</arg>
<doc>Calls the named method of the given object with the provided arguments.</doc>
<status status="PASS" starttime="20231120 20:48:14.998" endtime="20231120 20:48:14.998"/>
</kw>
<kw name="Open Browser" library="SeleniumLibrary">
<arg>browser=chrome</arg>
<arg>options=${options}</arg>
<doc>Opens a new browser instance to the optional ``url``.</doc>
<msg timestamp="20231120 20:48:14.999" level="INFO">Opening browser 'chrome' to base url 'None'.</msg>
<msg timestamp="20231120 20:48:15.047" level="WARN">The chromedriver version (108.0.5359.124) detected in PATH at /usr/bin/chromedriver might not be compatible with the detected chrome version (109.0.5414.74); currently, chromedriver 109.0.5414.74 is recommended for chrome 109.*, so it is advised to delete the driver in PATH and retry</msg>
<status status="PASS" starttime="20231120 20:48:14.998" endtime="20231120 20:48:15.662"/>
</kw>
<kw name="Set Selenium Speed" library="SeleniumLibrary">
<arg>${DELAY}</arg>
<doc>Sets the delay that is waited after each Selenium command.</doc>
<status status="PASS" starttime="20231120 20:48:15.663" endtime="20231120 20:48:15.663"/>
</kw>
<status status="PASS" starttime="20231120 20:48:14.996" endtime="20231120 20:48:15.663"/>
</kw>
<test id="s1-s2-t1" name="Login With Correct Credentials" line="8">
<kw name="Create User And Go To Login Page" type="SETUP">
<kw name="Create User" library="AppLibrary">
<arg>kalle</arg>
<arg>kalle123</arg>
<status status="PASS" starttime="20231120 20:48:15.663" endtime="20231120 20:48:15.669"/>
</kw>
<kw name="Go To Login Page" library="resource">
<kw name="Go To" library="SeleniumLibrary">
<arg>${LOGIN_URL}</arg>
<doc>Navigates the current browser window to the provided ``url``.</doc>
<msg timestamp="20231120 20:48:15.669" level="INFO">Opening url 'http://localhost:5001/login'</msg>
<status status="PASS" starttime="20231120 20:48:15.669" endtime="20231120 20:48:15.705"/>
</kw>
<status status="PASS" starttime="20231120 20:48:15.669" endtime="20231120 20:48:15.705"/>
</kw>
<kw name="Login Page Should Be Open" library="resource">
<kw name="Title Should Be" library="SeleniumLibrary">
<arg>Login</arg>
<doc>Verifies that the current page title equals ``title``.</doc>
<msg timestamp="20231120 20:48:15.708" level="INFO">Page title is 'Login'.</msg>
<status status="PASS" starttime="20231120 20:48:15.705" endtime="20231120 20:48:15.708"/>
</kw>
<status status="PASS" starttime="20231120 20:48:15.705" endtime="20231120 20:48:15.708"/>
</kw>
<status status="PASS" starttime="20231120 20:48:15.663" endtime="20231120 20:48:15.708"/>
</kw>
<kw name="Set Username">
<arg>kalle</arg>
<kw name="Input Text" library="SeleniumLibrary">
<arg>username</arg>
<arg>${username}</arg>
<doc>Types the given ``text`` into the text field identified by ``locator``.</doc>
<msg timestamp="20231120 20:48:15.709" level="INFO">Typing text 'kalle' into text field 'username'.</msg>
<status status="PASS" starttime="20231120 20:48:15.709" endtime="20231120 20:48:15.759"/>
</kw>
<status status="PASS" starttime="20231120 20:48:15.708" endtime="20231120 20:48:15.759"/>
</kw>
<kw name="Set Password">
<arg>kalle123</arg>
<kw name="Input Password" library="SeleniumLibrary">
<arg>password</arg>
<arg>${password}</arg>
<doc>Types the given password into the text field identified by ``locator``.</doc>
<msg timestamp="20231120 20:48:15.759" level="INFO">Typing password into text field 'password'.</msg>
<msg timestamp="20231120 20:48:15.782" level="INFO">Temporally setting log level to: NONE</msg>
<msg timestamp="20231120 20:48:15.803" level="INFO">Log level changed from NONE to INFO.</msg>
<status status="PASS" starttime="20231120 20:48:15.759" endtime="20231120 20:48:15.803"/>
</kw>
<status status="PASS" starttime="20231120 20:48:15.759" endtime="20231120 20:48:15.803"/>
</kw>
<kw name="Submit Credentials">
<kw name="Click Button" library="SeleniumLibrary">
<arg>Login</arg>
<doc>Clicks the button identified by ``locator``.</doc>
<msg timestamp="20231120 20:48:15.803" level="INFO">Clicking button 'Login'.</msg>
<status status="PASS" starttime="20231120 20:48:15.803" endtime="20231120 20:48:15.842"/>
</kw>
<status status="PASS" starttime="20231120 20:48:15.803" endtime="20231120 20:48:15.842"/>
</kw>
<kw name="Login Should Succeed">
<kw name="Main Page Should Be Open" library="resource">
<kw name="Title Should Be" library="SeleniumLibrary">
<arg>Ohtu Application main page</arg>
<doc>Verifies that the current page title equals ``title``.</doc>
<msg timestamp="20231120 20:48:15.845" level="INFO">Page title is 'Ohtu Application main page'.</msg>
<status status="PASS" starttime="20231120 20:48:15.843" endtime="20231120 20:48:15.845"/>
</kw>
<status status="PASS" starttime="20231120 20:48:15.842" endtime="20231120 20:48:15.845"/>
</kw>
<status status="PASS" starttime="20231120 20:48:15.842" endtime="20231120 20:48:15.845"/>
</kw>
<status status="PASS" starttime="20231120 20:48:15.663" endtime="20231120 20:48:15.845"/>
</test>
<test id="s1-s2-t2" name="Login With Incorrect Password" line="14">
<kw name="Create User And Go To Login Page" type="SETUP">
<kw name="Create User" library="AppLibrary">
<arg>kalle</arg>
<arg>kalle123</arg>
<status status="PASS" starttime="20231120 20:48:15.846" endtime="20231120 20:48:15.851"/>
</kw>
<kw name="Go To Login Page" library="resource">
<kw name="Go To" library="SeleniumLibrary">
<arg>${LOGIN_URL}</arg>
<doc>Navigates the current browser window to the provided ``url``.</doc>
<msg timestamp="20231120 20:48:15.852" level="INFO">Opening url 'http://localhost:5001/login'</msg>
<status status="PASS" starttime="20231120 20:48:15.851" endtime="20231120 20:48:15.859"/>
</kw>
<status status="PASS" starttime="20231120 20:48:15.851" endtime="20231120 20:48:15.859"/>
</kw>
<kw name="Login Page Should Be Open" library="resource">
<kw name="Title Should Be" library="SeleniumLibrary">
<arg>Login</arg>
<doc>Verifies that the current page title equals ``title``.</doc>
<msg timestamp="20231120 20:48:15.861" level="INFO">Page title is 'Login'.</msg>
<status status="PASS" starttime="20231120 20:48:15.860" endtime="20231120 20:48:15.861"/>
</kw>
<status status="PASS" starttime="20231120 20:48:15.859" endtime="20231120 20:48:15.861"/>
</kw>
<status status="PASS" starttime="20231120 20:48:15.846" endtime="20231120 20:48:15.861"/>
</kw>
<kw name="Set Username">
<arg>kalle</arg>
<kw name="Input Text" library="SeleniumLibrary">
<arg>username</arg>
<arg>${username}</arg>
<doc>Types the given ``text`` into the text field identified by ``locator``.</doc>
<msg timestamp="20231120 20:48:15.862" level="INFO">Typing text 'kalle' into text field 'username'.</msg>
<status status="PASS" starttime="20231120 20:48:15.862" endtime="20231120 20:48:15.907"/>
</kw>
<status status="PASS" starttime="20231120 20:48:15.861" endtime="20231120 20:48:15.907"/>
</kw>
<kw name="Set Password">
<arg>kalle456</arg>
<kw name="Input Password" library="SeleniumLibrary">
<arg>password</arg>
<arg>${password}</arg>
<doc>Types the given password into the text field identified by ``locator``.</doc>
<msg timestamp="20231120 20:48:15.907" level="INFO">Typing password into text field 'password'.</msg>
<msg timestamp="20231120 20:48:15.928" level="INFO">Temporally setting log level to: NONE</msg>
<msg timestamp="20231120 20:48:15.948" level="INFO">Log level changed from NONE to INFO.</msg>
<status status="PASS" starttime="20231120 20:48:15.907" endtime="20231120 20:48:15.948"/>
</kw>
<status status="PASS" starttime="20231120 20:48:15.907" endtime="20231120 20:48:15.948"/>
</kw>
<kw name="Submit Credentials">
<kw name="Click Button" library="SeleniumLibrary">
<arg>Login</arg>
<doc>Clicks the button identified by ``locator``.</doc>
<msg timestamp="20231120 20:48:15.948" level="INFO">Clicking button 'Login'.</msg>
<status status="PASS" starttime="20231120 20:48:15.948" endtime="20231120 20:48:15.980"/>
</kw>
<status status="PASS" starttime="20231120 20:48:15.948" endtime="20231120 20:48:15.980"/>
</kw>
<kw name="Login Should Fail With Message">
<arg>Invalid username or password</arg>
<kw name="Login Page Should Be Open" library="resource">
<kw name="Title Should Be" library="SeleniumLibrary">
<arg>Login</arg>
<doc>Verifies that the current page title equals ``title``.</doc>
<msg timestamp="20231120 20:48:15.982" level="INFO">Page title is 'Login'.</msg>
<status status="PASS" starttime="20231120 20:48:15.981" endtime="20231120 20:48:15.983"/>
</kw>
<status status="PASS" starttime="20231120 20:48:15.981" endtime="20231120 20:48:15.983"/>
</kw>
<kw name="Page Should Contain" library="SeleniumLibrary">
<arg>${message}</arg>
<doc>Verifies that current page contains ``text``.</doc>
<msg timestamp="20231120 20:48:15.990" level="INFO">Current page contains text 'Invalid username or password'.</msg>
<status status="PASS" starttime="20231120 20:48:15.983" endtime="20231120 20:48:15.990"/>
</kw>
<status status="PASS" starttime="20231120 20:48:15.980" endtime="20231120 20:48:15.990"/>
</kw>
<status status="PASS" starttime="20231120 20:48:15.845" endtime="20231120 20:48:15.990"/>
</test>
<test id="s1-s2-t3" name="Login With Nonexistent Username" line="20">
<kw name="Create User And Go To Login Page" type="SETUP">
<kw name="Create User" library="AppLibrary">
<arg>kalle</arg>
<arg>kalle123</arg>
<status status="PASS" starttime="20231120 20:48:15.991" endtime="20231120 20:48:15.998"/>
</kw>
<kw name="Go To Login Page" library="resource">
<kw name="Go To" library="SeleniumLibrary">
<arg>${LOGIN_URL}</arg>
<doc>Navigates the current browser window to the provided ``url``.</doc>
<msg timestamp="20231120 20:48:15.998" level="INFO">Opening url 'http://localhost:5001/login'</msg>
<status status="PASS" starttime="20231120 20:48:15.998" endtime="20231120 20:48:16.005"/>
</kw>
<status status="PASS" starttime="20231120 20:48:15.998" endtime="20231120 20:48:16.005"/>
</kw>
<kw name="Login Page Should Be Open" library="resource">
<kw name="Title Should Be" library="SeleniumLibrary">
<arg>Login</arg>
<doc>Verifies that the current page title equals ``title``.</doc>
<msg timestamp="20231120 20:48:16.008" level="INFO">Page title is 'Login'.</msg>
<status status="PASS" starttime="20231120 20:48:16.006" endtime="20231120 20:48:16.008"/>
</kw>
<status status="PASS" starttime="20231120 20:48:16.006" endtime="20231120 20:48:16.008"/>
</kw>
<status status="PASS" starttime="20231120 20:48:15.991" endtime="20231120 20:48:16.008"/>
</kw>
<kw name="Set Username">
<arg>kille</arg>
<kw name="Input Text" library="SeleniumLibrary">
<arg>username</arg>
<arg>${username}</arg>
<doc>Types the given ``text`` into the text field identified by ``locator``.</doc>
<msg timestamp="20231120 20:48:16.009" level="INFO">Typing text 'kille' into text field 'username'.</msg>
<status status="PASS" starttime="20231120 20:48:16.008" endtime="20231120 20:48:16.052"/>
</kw>
<status status="PASS" starttime="20231120 20:48:16.008" endtime="20231120 20:48:16.052"/>
</kw>
<kw name="Set Password">
<arg>kalle456</arg>
<kw name="Input Password" library="SeleniumLibrary">
<arg>password</arg>
<arg>${password}</arg>
<doc>Types the given password into the text field identified by ``locator``.</doc>
<msg timestamp="20231120 20:48:16.053" level="INFO">Typing password into text field 'password'.</msg>
<msg timestamp="20231120 20:48:16.074" level="INFO">Temporally setting log level to: NONE</msg>
<msg timestamp="20231120 20:48:16.094" level="INFO">Log level changed from NONE to INFO.</msg>
<status status="PASS" starttime="20231120 20:48:16.052" endtime="20231120 20:48:16.094"/>
</kw>
<status status="PASS" starttime="20231120 20:48:16.052" endtime="20231120 20:48:16.094"/>
</kw>
<kw name="Submit Credentials">
<kw name="Click Button" library="SeleniumLibrary">
<arg>Login</arg>
<doc>Clicks the button identified by ``locator``.</doc>
<msg timestamp="20231120 20:48:16.095" level="INFO">Clicking button 'Login'.</msg>
<status status="PASS" starttime="20231120 20:48:16.095" endtime="20231120 20:48:16.128"/>
</kw>
<status status="PASS" starttime="20231120 20:48:16.094" endtime="20231120 20:48:16.128"/>
</kw>
<kw name="Login Should Fail With Message">
<arg>Invalid username or password</arg>
<kw name="Login Page Should Be Open" library="resource">
<kw name="Title Should Be" library="SeleniumLibrary">
<arg>Login</arg>
<doc>Verifies that the current page title equals ``title``.</doc>
<msg timestamp="20231120 20:48:16.130" level="INFO">Page title is 'Login'.</msg>
<status status="PASS" starttime="20231120 20:48:16.128" endtime="20231120 20:48:16.130"/>
</kw>
<status status="PASS" starttime="20231120 20:48:16.128" endtime="20231120 20:48:16.130"/>
</kw>
<kw name="Page Should Contain" library="SeleniumLibrary">
<arg>${message}</arg>
<doc>Verifies that current page contains ``text``.</doc>
<msg timestamp="20231120 20:48:16.135" level="INFO">Current page contains text 'Invalid username or password'.</msg>
<status status="PASS" starttime="20231120 20:48:16.130" endtime="20231120 20:48:16.135"/>
</kw>
<status status="PASS" starttime="20231120 20:48:16.128" endtime="20231120 20:48:16.135"/>
</kw>
<status status="PASS" starttime="20231120 20:48:15.990" endtime="20231120 20:48:16.135"/>
</test>
<kw name="Close Browser" library="SeleniumLibrary" type="TEARDOWN">
<doc>Closes the current browser.</doc>
<status status="PASS" starttime="20231120 20:48:16.135" endtime="20231120 20:48:16.192"/>
</kw>
<status status="PASS" starttime="20231120 20:48:14.991" endtime="20231120 20:48:16.193"/>
</suite>
<status status="PASS" starttime="20231120 20:48:14.041" endtime="20231120 20:48:16.195"/>
</suite>
<statistics>
<total>
<stat pass="5" fail="0" skip="0">All Tests</stat>
</total>
<tag>
</tag>
<suite>
<stat pass="5" fail="0" skip="0" id="s1" name="Tests">Tests</stat>
<stat pass="2" fail="0" skip="0" id="s1-s1" name="Home">Tests.Home</stat>
<stat pass="3" fail="0" skip="0" id="s1-s2" name="Login">Tests.Login</stat>
</suite>
</statistics>
<errors>
<msg timestamp="20231120 20:48:14.173" level="WARN">The chromedriver version (108.0.5359.124) detected in PATH at /usr/bin/chromedriver might not be compatible with the detected chrome version (109.0.5414.74); currently, chromedriver 109.0.5414.74 is recommended for chrome 109.*, so it is advised to delete the driver in PATH and retry</msg>
<msg timestamp="20231120 20:48:15.047" level="WARN">The chromedriver version (108.0.5359.124) detected in PATH at /usr/bin/chromedriver might not be compatible with the detected chrome version (109.0.5414.74); currently, chromedriver 109.0.5414.74 is recommended for chrome 109.*, so it is advised to delete the driver in PATH and retry</msg>
</errors>
</robot>
